This is pdfTeX, Version 3.1415926-2.5-1.40.14 (TeX Live 2013) (format=pdflatex 2013.8.12)  26 FEB 2015 15:03
entering extended mode
 \write18 enabled.
 %&-line parsing enabled.
**uai-feb21.tex
(./uai-feb21.tex
LaTeX2e <2011/06/27>
Babel <3.9f> and hyphenation patterns for 78 languages loaded.
(/usr/local/texlive/2013/texmf-dist/tex/latex/base/article.cls
Document Class: article 2007/10/19 v1.4h Standard LaTeX document class
(/usr/local/texlive/2013/texmf-dist/tex/latex/base/size10.clo
File: size10.clo 2007/10/19 v1.4h Standard LaTeX file (size option)
)
\c@part=\count79
\c@section=\count80
\c@subsection=\count81
\c@subsubsection=\count82
\c@paragraph=\count83
\c@subparagraph=\count84
\c@figure=\count85
\c@table=\count86
\abovecaptionskip=\skip41
\belowcaptionskip=\skip42
\bibindent=\dimen102
)
(/Users/oschulte1/Library/texmf/tex/latex/proceed2e.sty
\titlebox=\skip43
)
(/usr/local/texlive/2013/texmf-dist/tex/latex/psnfss/times.sty
Package: times 2005/04/12 PSNFSS-v9.2a (SPQR) 
)
(/usr/local/texlive/2013/texmf-dist/tex/latex/url/url.sty
\Urlmuskip=\muskip10
Package: url 2006/04/12  ver 3.3  Verb mode for urls, etc.
)
(/Users/oschulte1/Library/texmf/tex/latex/natbib.sty
Package: natbib 2009/07/16 8.31 (PWD, AO)
\bibhang=\skip44
\bibsep=\skip45
LaTeX Info: Redefining \cite on input line 694.
\c@NAT@ctr=\count87
)
(/usr/local/texlive/2013/texmf-dist/tex/latex/varwidth/varwidth.sty
Package: varwidth 2009/03/30 ver 0.92;  Variable-width minipages
\@vwid@box=\box26
\sift@deathcycles=\count88
\@vwid@loff=\dimen103
\@vwid@roff=\dimen104
)
(./preamble-stuff.tex
(/usr/local/texlive/2013/texmf-dist/tex/latex/amscls/amsthm.sty
Package: amsthm 2004/08/06 v2.20
\thm@style=\toks14
\thm@bodyfont=\toks15
\thm@headfont=\toks16
\thm@notefont=\toks17
\thm@headpunct=\toks18
\thm@preskip=\skip46
\thm@postskip=\skip47
\thm@headsep=\skip48
\dth@everypar=\toks19
)
(/Users/oschulte1/Library/texmf/tex/latex/amsmath.sty
Package: amsmath 2013/01/14 v2.14 AMS math features
\@mathmargin=\skip49

For additional information on amsmath, use the `?' option.
(/Users/oschulte1/Library/texmf/tex/latex/amstext.sty
Package: amstext 2000/06/29 v2.01

(/Users/oschulte1/Library/texmf/tex/latex/amsgen.sty
File: amsgen.sty 1999/11/30 v2.0
\@emptytoks=\toks20
\ex@=\dimen105
))
(/Users/oschulte1/Library/texmf/tex/latex/amsbsy.sty
Package: amsbsy 1999/11/29 v1.2d
\pmbraise@=\dimen106
)
(/Users/oschulte1/Library/texmf/tex/latex/amsopn.sty
Package: amsopn 1999/12/14 v2.01 operator names
)
\inf@bad=\count89
LaTeX Info: Redefining \frac on input line 210.
\uproot@=\count90
\leftroot@=\count91
LaTeX Info: Redefining \overline on input line 306.
\classnum@=\count92
\DOTSCASE@=\count93
LaTeX Info: Redefining \ldots on input line 378.
LaTeX Info: Redefining \dots on input line 381.
LaTeX Info: Redefining \cdots on input line 466.
\Mathstrutbox@=\box27
\strutbox@=\box28
\big@size=\dimen107
LaTeX Font Info:    Redeclaring font encoding OML on input line 566.
LaTeX Font Info:    Redeclaring font encoding OMS on input line 567.
\macc@depth=\count94
\c@MaxMatrixCols=\count95
\dotsspace@=\muskip11
\c@parentequation=\count96
\dspbrk@lvl=\count97
\tag@help=\toks21
\row@=\count98
\column@=\count99
\maxfields@=\count100
\andhelp@=\toks22
\eqnshift@=\dimen108
\alignsep@=\dimen109
\tagshift@=\dimen110
\tagwidth@=\dimen111
\totwidth@=\dimen112
\lineht@=\dimen113
\@envbody=\toks23
\multlinegap=\skip50
\multlinetaggap=\skip51
\mathdisplay@stack=\toks24
LaTeX Info: Redefining \[ on input line 2665.
LaTeX Info: Redefining \] on input line 2666.
)
(/usr/local/texlive/2013/texmf-dist/tex/latex/amsfonts/amsfonts.sty
Package: amsfonts 2013/01/14 v3.01 Basic AMSFonts support
\symAMSa=\mathgroup4
\symAMSb=\mathgroup5
LaTeX Font Info:    Overwriting math alphabet `\mathfrak' in version `bold'
(Font)                  U/euf/m/n --> U/euf/b/n on input line 106.
)
(/usr/local/texlive/2013/texmf-dist/tex/latex/amsfonts/amssymb.sty
Package: amssymb 2013/01/14 v3.01 AMS font symbols
)
(/usr/local/texlive/2013/texmf-dist/tex/latex/graphics/graphicx.sty
Package: graphicx 1999/02/16 v1.0f Enhanced LaTeX Graphics (DPC,SPQR)

(/usr/local/texlive/2013/texmf-dist/tex/latex/graphics/keyval.sty
Package: keyval 1999/03/16 v1.13 key=value parser (DPC)
\KV@toks@=\toks25
)
(/usr/local/texlive/2013/texmf-dist/tex/latex/graphics/graphics.sty
Package: graphics 2009/02/05 v1.0o Standard LaTeX Graphics (DPC,SPQR)

(/usr/local/texlive/2013/texmf-dist/tex/latex/graphics/trig.sty
Package: trig 1999/03/16 v1.09 sin cos tan (DPC)
)
(/usr/local/texlive/2013/texmf-dist/tex/latex/latexconfig/graphics.cfg
File: graphics.cfg 2010/04/23 v1.9 graphics configuration of TeX Live
)
Package graphics Info: Driver file: pdftex.def on input line 91.

(/usr/local/texlive/2013/texmf-dist/tex/latex/pdftex-def/pdftex.def
File: pdftex.def 2011/05/27 v0.06d Graphics/color for pdfTeX

(/usr/local/texlive/2013/texmf-dist/tex/generic/oberdiek/infwarerr.sty
Package: infwarerr 2010/04/08 v1.3 Providing info/warning/error messages (HO)
)
(/usr/local/texlive/2013/texmf-dist/tex/generic/oberdiek/ltxcmds.sty
Package: ltxcmds 2011/11/09 v1.22 LaTeX kernel commands for general use (HO)
)
\Gread@gobject=\count101
))
\Gin@req@height=\dimen114
\Gin@req@width=\dimen115
)
(/Users/oschulte1/Library/texmf/tex/latex/subfigure.sty
Package: subfigure 2002/07/30 v2.1.4 subfigure package
\subfigtopskip=\skip52
\subfigcapskip=\skip53
\subfigcaptopadj=\dimen116
\subfigbottomskip=\skip54
\subfigcapmargin=\dimen117
\subfiglabelskip=\skip55
\c@subfigure=\count102
\c@lofdepth=\count103
\c@subtable=\count104
\c@lotdepth=\count105

****************************************
* Local config file subfigure.cfg used *
****************************************
(/usr/local/texlive/2013/texmf-dist/tex/latex/subfigure/subfigure.cfg)
\subfig@top=\skip56
\subfig@bottom=\skip57
)
(/usr/local/texlive/2013/texmf-dist/tex/latex/oberdiek/epstopdf.sty
Package: epstopdf 2010/02/09 v2.5 Conversion with epstopdf on the fly (HO)

(/usr/local/texlive/2013/texmf-dist/tex/latex/oberdiek/epstopdf-base.sty
Package: epstopdf-base 2010/02/09 v2.5 Base part for package epstopdf

(/usr/local/texlive/2013/texmf-dist/tex/latex/oberdiek/grfext.sty
Package: grfext 2010/08/19 v1.1 Manage graphics extensions (HO)

(/usr/local/texlive/2013/texmf-dist/tex/generic/oberdiek/kvdefinekeys.sty
Package: kvdefinekeys 2011/04/07 v1.3 Define keys (HO)
))
(/usr/local/texlive/2013/texmf-dist/tex/latex/oberdiek/kvoptions.sty
Package: kvoptions 2011/06/30 v3.11 Key value format for package options (HO)

(/usr/local/texlive/2013/texmf-dist/tex/generic/oberdiek/kvsetkeys.sty
Package: kvsetkeys 2012/04/25 v1.16 Key value parser (HO)

(/usr/local/texlive/2013/texmf-dist/tex/generic/oberdiek/etexcmds.sty
Package: etexcmds 2011/02/16 v1.5 Avoid name clashes with e-TeX commands (HO)

(/usr/local/texlive/2013/texmf-dist/tex/generic/oberdiek/ifluatex.sty
Package: ifluatex 2010/03/01 v1.3 Provides the ifluatex switch (HO)
Package ifluatex Info: LuaTeX not detected.
)
Package etexcmds Info: Could not find \expanded.
(etexcmds)             That can mean that you are not using pdfTeX 1.50 or
(etexcmds)             that some package has redefined \expanded.
(etexcmds)             In the latter case, load this package earlier.
)))
(/usr/local/texlive/2013/texmf-dist/tex/generic/oberdiek/pdftexcmds.sty
Package: pdftexcmds 2011/11/29 v0.20 Utility functions of pdfTeX for LuaTeX (HO
)

(/usr/local/texlive/2013/texmf-dist/tex/generic/oberdiek/ifpdf.sty
Package: ifpdf 2011/01/30 v2.3 Provides the ifpdf switch (HO)
Package ifpdf Info: pdfTeX in PDF mode is detected.
)
Package pdftexcmds Info: LuaTeX not detected.
Package pdftexcmds Info: \pdf@primitive is available.
Package pdftexcmds Info: \pdf@ifprimitive is available.
Package pdftexcmds Info: \pdfdraftmode found.
)
Package grfext Info: Graphics extension search list:
(grfext)             [.png,.pdf,.jpg,.mps,.jpeg,.jbig2,.jb2,.PNG,.PDF,.JPG,.JPE
G,.JBIG2,.JB2,.eps]
(grfext)             \AppendGraphicsExtensions on input line 452.

(/usr/local/texlive/2013/texmf-dist/tex/latex/latexconfig/epstopdf-sys.cfg
File: epstopdf-sys.cfg 2010/07/13 v1.3 Configuration of (r)epstopdf for TeX Liv
e
)))
(/Users/oschulte1/Library/texmf/tex/latex/algorithm.sty
Package: algorithm 

Document Style `algorithm' - floating environment
(/usr/local/texlive/2013/texmf-dist/tex/latex/float/float.sty
Package: float 2001/11/08 v1.3d Float enhancements (AL)
\c@float@type=\count106
\float@exts=\toks26
\float@box=\box29
\@float@everytoks=\toks27
\@floatcapt=\box30
)
(/usr/local/texlive/2013/texmf-dist/tex/latex/base/ifthen.sty
Package: ifthen 2001/05/26 v1.1c Standard LaTeX ifthen package (DPC)
)
\@float@every@algorithm=\toks28
\c@algorithm=\count107
)
(/Users/oschulte1/Library/texmf/tex/latex/algorithmic.sty
Package: algorithmic 2005/07/05

Document Style `algorithmic' - environment
(/usr/local/texlive/2013/texmf-dist/tex/latex/tools/calc.sty
Package: calc 2007/08/22 v4.3 Infix arithmetic (KKT,FJ)
\calc@Acount=\count108
\calc@Bcount=\count109
\calc@Adimen=\dimen118
\calc@Bdimen=\dimen119
\calc@Askip=\skip58
\calc@Bskip=\skip59
LaTeX Info: Redefining \setlength on input line 76.
LaTeX Info: Redefining \addtolength on input line 77.
\calc@Ccount=\count110
\calc@Cskip=\skip60
)
\c@ALC@line=\count111
\c@ALC@rem=\count112
\c@ALC@depth=\count113
\ALC@tlm=\skip61
\algorithmicindent=\skip62
)
(/Users/oschulte1/Library/texmf/tex/latex/fancyhdr.sty
\fancy@headwidth=\skip63
\f@ncyO@elh=\skip64
\f@ncyO@erh=\skip65
\f@ncyO@olh=\skip66
\f@ncyO@orh=\skip67
\f@ncyO@elf=\skip68
\f@ncyO@erf=\skip69
\f@ncyO@olf=\skip70
\f@ncyO@orf=\skip71
)) (./uai-feb21.aux)
\openout1 = `uai-feb21.aux'.

LaTeX Font Info:    Checking defaults for OML/cmm/m/it on input line 59.
LaTeX Font Info:    ... okay on input line 59.
LaTeX Font Info:    Checking defaults for T1/cmr/m/n on input line 59.
LaTeX Font Info:    ... okay on input line 59.
LaTeX Font Info:    Checking defaults for OT1/cmr/m/n on input line 59.
LaTeX Font Info:    ... okay on input line 59.
LaTeX Font Info:    Checking defaults for OMS/cmsy/m/n on input line 59.
LaTeX Font Info:    ... okay on input line 59.
LaTeX Font Info:    Checking defaults for OMX/cmex/m/n on input line 59.
LaTeX Font Info:    ... okay on input line 59.
LaTeX Font Info:    Checking defaults for U/cmr/m/n on input line 59.
LaTeX Font Info:    ... okay on input line 59.
LaTeX Font Info:    Try loading font information for OT1+ptm on input line 59.

(/usr/local/texlive/2013/texmf-dist/tex/latex/psnfss/ot1ptm.fd
File: ot1ptm.fd 2001/06/04 font definitions for OT1/ptm.
)
(/usr/local/texlive/2013/texmf-dist/tex/context/base/supp-pdf.mkii
[Loading MPS to PDF converter (version 2006.09.02).]
\scratchcounter=\count114
\scratchdimen=\dimen120
\scratchbox=\box31
\nofMPsegments=\count115
\nofMParguments=\count116
\everyMPshowfont=\toks29
\MPscratchCnt=\count117
\MPscratchDim=\dimen121
\MPnumerator=\count118
\makeMPintoPDFobject=\count119
\everyMPtoPDFconversion=\toks30
)
LaTeX Font Info:    Font shape `OT1/ptm/bx/n' in size <14.4> not available
(Font)              Font shape `OT1/ptm/b/n' tried instead on input line 61.
LaTeX Font Info:    Try loading font information for U+msa on input line 61.
 (/usr/local/texlive/2013/texmf-dist/tex/latex/amsfonts/umsa.fd
File: umsa.fd 2013/01/14 v3.01 AMS symbols A
)
LaTeX Font Info:    Try loading font information for U+msb on input line 61.

(/usr/local/texlive/2013/texmf-dist/tex/latex/amsfonts/umsb.fd
File: umsb.fd 2013/01/14 v3.01 AMS symbols B
)
LaTeX Font Info:    Font shape `OT1/ptm/bx/n' in size <10> not available
(Font)              Font shape `OT1/ptm/b/n' tried instead on input line 61.
LaTeX Font Info:    Font shape `OT1/ptm/bx/n' in size <12> not available
(Font)              Font shape `OT1/ptm/b/n' tried instead on input line 63.

Underfull \hbox (badness 1194) in paragraph at lines 64--70
[]\OT1/ptm/m/n/10 A va-ri-ety of ad-vanced statis-tics are used to
 []


Package natbib Warning: Citation `Macdonald2011a' on page 1 undefined on input 
line 99.


Package natbib Warning: Citation `Macdonald2012' on page 1 undefined on input l
ine 99.


Package natbib Warning: Citation `Spagnola2013' on page 1 undefined on input li
ne 99.


Package natbib Warning: Citation `Schuckers2013' on page 1 undefined on input l
ine 99.


Package natbib Warning: Citation `Weissbock2014' on page 1 undefined on input l
ine 99.


Package natbib Warning: Citation `Lock2009' on page 1 undefined on input line 1
08.


Package natbib Warning: Citation `Tulsky2013' on page 1 undefined on input line
 114.


Package natbib Warning: Citation `Schuckers2013' on page 1 undefined on input l
ine 114.


Package natbib Warning: Citation `Macdonald2012' on page 1 undefined on input l
ine 114.


Package natbib Warning: Citation `Thomas2012' on page 1 undefined on input line
 114.


Underfull \vbox (badness 10000) has occurred while \output is active []

 [1{/usr/local/texlive/2013/texmf-var/fonts/map/pdftex/updmap/pdftex.map}



]

Package natbib Warning: Citation `Berliner1979' on page 2 undefined on input li
ne 116.


Package natbib Warning: Citation `Churchill2013' on page 2 undefined on input l
ine 116.


LaTeX Warning: Reference `sec:related-work' on page 2 undefined on input line 1
48.


LaTeX Warning: Reference `sec:background-notation' on page 2 undefined on input
 line 148.


LaTeX Warning: Reference `sec:algorithms' on page 2 undefined on input line 148
.


Package natbib Warning: Citation `Lock2009' on page 2 undefined on input line 1
55.


Package natbib Warning: Citation `Rosenbaum2004' on page 2 undefined on input l
ine 155.


Package natbib Warning: Citation `Gramacy2013' on page 2 undefined on input lin
e 157.


Package natbib Warning: Citation `Schuckers2013' on page 2 undefined on input l
ine 157.

[2]

Package natbib Warning: Citation `Schuckers2013' on page 3 undefined on input l
ine 159.


Package natbib Warning: Citation `Sidhu2014' on page 3 undefined on input line 
161.


Package natbib Warning: Citation `Sidhu2014' on page 3 undefined on input line 
161.


Package natbib Warning: Citation `NHLRulebook2014' on page 3 undefined on input
 line 181.

LaTeX Font Info:    Try loading font information for OT1+pcr on input line 188.

(/usr/local/texlive/2013/texmf-dist/tex/latex/psnfss/ot1pcr.fd
File: ot1pcr.fd 2001/06/04 font definitions for OT1/pcr.
)

LaTeX Warning: Reference `table:size-of-dataset' on page 3 undefined on input l
ine 188.


LaTeX Warning: Reference `table:events-recorded' on page 3 undefined on input l
ine 190.


Package natbib Warning: Citation `Littman' on page 3 undefined on input line 23
3.

[3]

Package natbib Warning: Citation `thomas' on page 4 undefined on input line 238
.


Package natbib Warning: Citation `Russell2010' on page 4 undefined on input lin
e 242.


Package natbib Warning: Citation `Littman1994' on page 4 undefined on input lin
e 242.


Package natbib Warning: Citation `Mitchell1997' on page 4 undefined on input li
ne 242.

LaTeX Font Info:    Try loading font information for OMS+ptm on input line 245.

(/usr/local/texlive/2013/texmf-dist/tex/latex/psnfss/omsptm.fd
File: omsptm.fd 
)
LaTeX Font Info:    Font shape `OMS/ptm/m/n' in size <10> not available
(Font)              Font shape `OMS/cmsy/m/n' tried instead on input line 245.


LaTeX Warning: Reference `context-features' on page 4 undefined on input line 2
53.


Underfull \hbox (badness 10000) in paragraph at lines 260--260
[]\OT1/ptm/m/n/10 Number
 []


Underfull \hbox (badness 10000) in paragraph at lines 260--260
\OT1/ptm/m/n/10 Home Goals
 []


Underfull \hbox (badness 10000) in paragraph at lines 260--260
\OT1/ptm/m/n/10 - Num-ber
 []


Underfull \hbox (badness 10000) in paragraph at lines 261--261
[]\OT1/ptm/m/n/10 Number
 []


Underfull \hbox (badness 10000) in paragraph at lines 261--261
\OT1/ptm/m/n/10 - Num-ber
 []


Underfull \hbox (badness 10000) in paragraph at lines 262--262
[]\OT1/ptm/m/n/10 Current
 []


Overfull \hbox (33.11208pt too wide) in paragraph at lines 258--264
 [] 
 []


LaTeX Warning: Reference `table:context-statistics' on page 4 undefined on inpu
t line 274.


LaTeX Warning: Reference `table:context-statistics' on page 4 undefined on inpu
t line 274.

[4]

LaTeX Warning: Reference `sec:context' on page 5 undefined on input line 342.


LaTeX Warning: Reference `table:events-recorded' on page 5 undefined on input l
ine 344.


Package natbib Warning: Citation `bib:LevesquePirriReiter98' on page 5 undefine
d on input line 344.


LaTeX Warning: Reference `table:play-by-play-data' on page 5 undefined on input
 line 349.


LaTeX Warning: Reference `table:event-sequence-statistics' on page 5 undefined 
on input line 349.


Package natbib Warning: Citation `Thomas2012' on page 5 undefined on input line
 393.

[5] [6]

LaTeX Warning: Reference `subsec:informal-description' on page 7 undefined on i
nput line 459.


LaTeX Warning: Reference `subsec:mdp-construction' on page 7 undefined on input
 line 459.


LaTeX Warning: Reference `subsec:value-iteration-alg' on page 7 undefined on in
put line 459.


Package natbib Warning: Citation `Russell2010' on page 7 undefined on input lin
e 466.


Package natbib Warning: Citation `Littman1994' on page 7 undefined on input lin
e 466.


LaTeX Warning: Reference `table:value-iteration-computation' on page 7 undefine
d on input line 471.


LaTeX Warning: Reference `alg:mdp-construction' on page 7 undefined on input li
ne 504.


Package natbib Warning: Citation `Schuckers2013' on page 7 undefined on input l
ine 504.


LaTeX Warning: Float too large for page by 17.13722pt on input line 567.

[7]

Package natbib Warning: Citation `Mitchell1997' on page 8 undefined on input li
ne 589.


Package natbib Warning: Citation `Schwartz1993' on page 8 undefined on input li
ne 589.


LaTeX Warning: Reference `equation:value-iteration-expected' on page 8 undefine
d on input line 589.


LaTeX Warning: Reference `equation:value-iteration-probability' on page 8 undef
ined on input line 591.


LaTeX Warning: Reference `equation:value-iteration-probability' on page 8 undef
ined on input line 591.

[8]

LaTeX Warning: Reference `equation:value-iteration-probability' on page 9 undef
ined on input line 593.


LaTeX Warning: Reference `equation:value-iteration-probability-winning' on page
 9 undefined on input line 593.


LaTeX Warning: Reference `alg:value-iteration-dynamic' on page 9 undefined on i
nput line 595.


LaTeX Warning: Reference `alg:value-iteration-dynamic' on page 9 undefined on i
nput line 595.


LaTeX Warning: Reference `equation:value-iteration-expected' on page 9 undefine
d on input line 595.


LaTeX Warning: Reference `equation:value-iteration-probability' on page 9 undef
ined on input line 595.


LaTeX Warning: Reference `equation:value-iteration-probability-winning' on page
 9 undefined on input line 595.


LaTeX Warning: Reference `table:size-of-mdp' on page 9 undefined on input line 
660.


Package natbib Warning: Citation `Lock2009' on page 9 undefined on input line 6
76.


Package natbib Warning: Citation `Schuckers2011' on page 9 undefined on input l
ine 676.


LaTeX Warning: Reference `fig:boxplot-action-values' on page 9 undefined on inp
ut line 676.


Package natbib Warning: Citation `Lock2009' on page 9 undefined on input line 6
76.


LaTeX Warning: Reference `fig:boxplot-action-values' on page 9 undefined on inp
ut line 676.


LaTeX Warning: Reference `fig:boxplot-action-values' on page 9 undefined on inp
ut line 676.


Package natbib Warning: Citation `Lock2009' on page 9 undefined on input line 6
76.


Package natbib Warning: Citation `Lock2009' on page 9 undefined on input line 6
76.

[9] <boxplot_actionvalues3.jpg, id=46, 444.66125pt x 683.55376pt>
File: boxplot_actionvalues3.jpg Graphic file (type jpg)

<use boxplot_actionvalues3.jpg>
Package pdftex.def Info: boxplot_actionvalues3.jpg used on input line 687.
(pdftex.def)             Requested size: 234.8775pt x 361.06143pt.


Package natbib Warning: Citation `Salunke2014' on page 10 undefined on input li
ne 912.


Package natbib Warning: Citation `Krzywicki2005' on page 10 undefined on input 
line 938.


Underfull \vbox (badness 10000) has occurred while \output is active []

 [10 <./boxplot_actionvalues3.jpg>] (./uai-feb21.bbl [11])

Package natbib Warning: There were undefined citations.

[12

] (./uai-feb21.aux

Package natbib Warning: Citation(s) may have changed.
(natbib)                Rerun to get citations correct.

)

LaTeX Warning: There were undefined references.


LaTeX Warning: Label(s) may have changed. Rerun to get cross-references right.

 ) 
Here is how much of TeX's memory you used:
 3901 strings out of 493311
 50582 string characters out of 6137850
 136493 words of memory out of 5000000
 7258 multiletter control sequences out of 15000+600000
 18571 words of font info for 44 fonts, out of 8000000 for 9000
 957 hyphenation exceptions out of 8191
 44i,13n,43p,1693b,703s stack positions out of 5000i,500n,10000p,200000b,80000s
{/usr/local/texlive/2013/texmf-dist/fonts/enc/dvips/base/8r.enc}</usr/local/t
exlive/2013/texmf-dist/fonts/type1/public/amsfonts/cm/cmbx10.pfb></usr/local/te
xlive/2013/texmf-dist/fonts/type1/public/amsfonts/cm/cmex10.pfb></usr/local/tex
live/2013/texmf-dist/fonts/type1/public/amsfonts/cm/cmmi10.pfb></usr/local/texl
ive/2013/texmf-dist/fonts/type1/public/amsfonts/cm/cmmi7.pfb></usr/local/texliv
e/2013/texmf-dist/fonts/type1/public/amsfonts/cm/cmr10.pfb></usr/local/texlive/
2013/texmf-dist/fonts/type1/public/amsfonts/cm/cmr7.pfb></usr/local/texlive/201
3/texmf-dist/fonts/type1/public/amsfonts/cm/cmsy10.pfb></usr/local/texlive/2013
/texmf-dist/fonts/type1/public/amsfonts/cm/cmsy5.pfb></usr/local/texlive/2013/t
exmf-dist/fonts/type1/public/amsfonts/cm/cmsy7.pfb></usr/local/texlive/2013/tex
mf-dist/fonts/type1/public/amsfonts/cm/cmti10.pfb></usr/local/texlive/2013/texm
f-dist/fonts/type1/public/amsfonts/cm/cmti7.pfb></usr/local/texlive/2013/texmf-
dist/fonts/type1/urw/courier/ucrr8a.pfb></usr/local/texlive/2013/texmf-dist/fon
ts/type1/urw/times/utmb8a.pfb></usr/local/texlive/2013/texmf-dist/fonts/type1/u
rw/times/utmr8a.pfb></usr/local/texlive/2013/texmf-dist/fonts/type1/urw/times/u
tmri8a.pfb>
Output written on uai-feb21.pdf (12 pages, 251752 bytes).
PDF statistics:
 105 PDF objects out of 1000 (max. 8388607)
 74 compressed objects within 1 object stream
 0 named destinations out of 1000 (max. 500000)
 6 words of extra memory for PDF output out of 10000 (max. 10000000)

